SF:lib\main.dart
DA:10,0
DA:11,0
DA:15,2
DA:17,0
DA:19,0
DA:22,0
DA:23,0
DA:27,0
DA:28,0
DA:29,0
DA:30,0
DA:31,0
DA:35,0
DA:39,0
DA:49,2
DA:51,0
DA:52,0
DA:55,0
DA:56,0
DA:59,0
DA:61,0
DA:63,0
DA:65,0
DA:66,0
DA:67,0
DA:68,0
DA:73,0
DA:75,0
DA:77,0
DA:78,0
DA:88,0
DA:91,0
DA:92,0
DA:97,0
DA:98,0
DA:99,0
DA:100,0
DA:101,0
DA:102,0
DA:103,0
DA:104,0
DA:127,1
DA:136,1
DA:138,1
DA:139,1
DA:140,0
DA:142,0
DA:143,0
DA:144,0
DA:148,1
DA:150,1
DA:151,1
DA:152,1
DA:153,1
DA:154,1
DA:155,1
DA:157,1
DA:158,1
DA:159,1
DA:160,1
DA:163,1
DA:164,1
DA:165,1
DA:176,1
DA:177,1
DA:183,1
DA:184,1
LF:67
LH:24
end_of_record
SF:lib\widgets\footer.dart
DA:5,2
DA:7,6
DA:9,6
DA:11,6
DA:13,6
DA:15,6
DA:26,6
DA:29,6
DA:30,6
DA:31,0
DA:35,6
DA:36,0
DA:37,0
LF:13
LH:10
end_of_record
SF:lib\widgets\header.dart
DA:10,2
DA:12,6
DA:14,24
DA:16,6
DA:19,6
DA:20,6
DA:22,6
DA:33,6
DA:34,6
DA:36,6
DA:37,6
DA:38,6
DA:39,0
DA:40,0
DA:42,0
DA:45,6
DA:49,6
DA:50,6
DA:51,6
DA:64,6
DA:65,6
DA:66,0
DA:67,0
DA:69,0
DA:75,6
DA:77,6
DA:78,0
DA:79,0
DA:81,0
DA:87,6
DA:88,6
DA:90,6
DA:92,6
DA:93,6
DA:104,0
DA:106,6
DA:117,0
DA:118,0
DA:123,6
DA:131,0
DA:132,0
DA:137,1
DA:150,6
DA:151,6
DA:159,0
DA:161,0
DA:162,0
DA:164,0
DA:167,0
DA:168,0
DA:170,0
DA:171,0
DA:178,0
DA:179,0
DA:181,0
DA:182,0
DA:191,0
LF:57
LH:30
end_of_record
SF:lib\widgets\hero_carousel.dart
DA:7,2
DA:12,2
DA:13,1
DA:14,1
DA:27,1
DA:29,1
DA:31,2
DA:32,0
DA:36,0
DA:37,0
DA:38,0
DA:39,0
DA:42,1
DA:44,2
DA:45,1
DA:48,1
DA:50,1
DA:52,1
DA:53,1
DA:54,1
DA:55,1
DA:56,0
DA:57,2
DA:58,2
DA:59,1
DA:60,1
DA:61,1
DA:62,6
DA:63,2
DA:66,1
DA:68,1
DA:69,1
DA:70,4
DA:72,4
DA:74,1
DA:75,0
DA:76,1
DA:77,4
DA:85,1
DA:87,1
DA:89,5
DA:92,2
DA:93,5
DA:97,2
DA:98,2
LF:45
LH:38
end_of_record
SF:lib\about_us.dart
DA:5,2
DA:7,2
DA:9,2
DA:10,2
DA:11,2
DA:13,2
DA:15,2
DA:22,2
DA:23,2
DA:26,6
LF:10
LH:10
end_of_record
SF:lib\widgets\appshell.dart
DA:8,5
DA:13,5
DA:15,5
DA:16,5
DA:17,5
DA:19,5
DA:20,5
DA:21,5
DA:22,5
DA:23,5
LF:10
LH:10
end_of_record
SF:lib\product_page.dart
DA:5,9
DA:6,3
DA:16,3
DA:26,3
DA:37,3
DA:47,3
DA:57,3
DA:67,3
DA:77,3
DA:87,3
DA:97,3
DA:107,3
DA:117,3
DA:127,3
DA:137,3
DA:149,1
DA:150,2
DA:153,3
DA:154,6
DA:155,12
DA:156,3
DA:159,2
DA:160,6
DA:163,0
DA:164,0
DA:165,0
DA:166,0
DA:167,0
DA:168,0
DA:174,2
DA:176,1
DA:177,1
DA:186,0
DA:187,0
DA:190,1
DA:192,3
DA:194,1
DA:196,1
DA:197,1
DA:198,1
DA:199,1
DA:200,1
DA:201,1
DA:203,1
DA:204,1
DA:207,1
DA:209,1
DA:210,1
DA:211,0
DA:217,1
DA:220,1
DA:221,1
DA:222,1
DA:224,1
DA:225,1
DA:226,1
DA:229,1
DA:230,1
DA:231,1
DA:250,1
DA:261,1
DA:281,1
DA:292,1
DA:293,1
DA:294,1
DA:302,1
DA:304,1
DA:305,2
DA:306,1
DA:308,1
DA:309,1
DA:311,1
DA:312,3
DA:314,1
DA:316,1
DA:317,0
DA:318,0
DA:319,0
DA:329,1
DA:330,1
DA:340,1
DA:342,1
DA:343,2
DA:344,1
DA:346,1
DA:347,1
DA:349,3
DA:350,3
DA:352,2
DA:354,1
DA:355,0
DA:356,0
DA:357,0
DA:365,1
DA:367,1
DA:369,1
DA:370,1
DA:371,2
DA:372,2
DA:373,1
DA:374,3
DA:379,1
LF:102
LH:87
end_of_record
SF:lib\screens\collections_screen.dart
DA:11,2
DA:20,2
DA:22,3
DA:24,3
DA:25,3
DA:27,3
DA:29,3
DA:30,3
DA:39,3
DA:42,12
DA:46,3
DA:55,3
DA:56,3
DA:95,6
DA:96,3
DA:97,1
DA:98,1
DA:100,1
DA:101,2
DA:102,1
DA:103,1
DA:108,3
DA:109,3
DA:110,3
DA:112,3
DA:113,3
DA:114,3
DA:115,3
DA:116,3
DA:117,6
DA:118,0
DA:119,0
DA:124,3
DA:125,3
DA:127,0
DA:128,0
DA:129,0
DA:138,3
DA:139,3
DA:140,3
DA:141,3
DA:143,3
DA:147,3
DA:148,3
DA:150,3
DA:151,3
DA:166,3
LF:47
LH:42
end_of_record
SF:lib\screens\collection_detail.dart
DA:9,3
DA:15,2
DA:16,2
DA:24,2
DA:26,6
DA:27,1
DA:29,6
DA:32,4
DA:33,0
DA:34,4
DA:35,0
DA:41,2
DA:43,2
DA:44,8
DA:45,8
DA:46,2
DA:48,8
DA:51,2
DA:52,2
DA:53,2
DA:55,2
DA:57,2
DA:58,2
DA:59,0
DA:63,2
DA:65,2
DA:66,2
DA:67,2
DA:68,6
DA:77,2
DA:78,2
DA:79,2
DA:80,2
DA:86,0
DA:87,0
DA:88,0
DA:91,3
DA:94,1
DA:95,1
DA:96,1
DA:98,2
DA:99,1
DA:100,3
DA:103,0
DA:105,2
DA:112,2
DA:113,2
DA:116,2
DA:117,2
DA:122,2
DA:128,8
DA:137,2
DA:138,2
DA:139,0
DA:140,0
DA:141,0
DA:142,0
DA:143,0
DA:144,0
DA:148,2
DA:150,2
DA:151,2
DA:152,2
DA:153,2
DA:158,2
DA:159,2
DA:162,4
LF:67
LH:54
end_of_record
SF:lib\widgets\dropdown_menu.dart
DA:8,2
DA:10,2
DA:11,2
DA:20,1
DA:21,1
DA:22,3
DA:24,1
DA:25,1
DA:26,2
DA:28,3
DA:29,3
DA:30,3
DA:31,6
DA:32,1
DA:34,1
DA:35,1
DA:37,1
DA:38,1
DA:39,1
DA:40,1
DA:41,4
DA:42,1
DA:43,1
DA:46,1
DA:49,3
DA:59,2
DA:60,3
DA:63,1
DA:64,1
DA:66,1
DA:67,1
DA:69,0
DA:70,0
DA:71,0
DA:72,0
DA:73,0
DA:78,1
DA:80,1
DA:81,3
DA:82,2
DA:86,1
DA:88,1
DA:89,1
DA:90,1
DA:91,1
DA:92,2
DA:100,1
DA:101,1
DA:103,1
DA:104,1
DA:105,1
DA:106,1
DA:108,1
DA:109,3
DA:110,2
DA:118,1
DA:120,1
DA:121,1
DA:122,1
DA:123,1
DA:124,2
DA:129,1
DA:131,1
DA:132,1
DA:133,1
DA:134,1
DA:135,1
DA:136,1
DA:145,1
DA:147,1
DA:148,2
DA:149,1
DA:150,2
DA:151,1
DA:152,1
DA:153,1
DA:166,1
DA:167,2
DA:168,1
DA:169,3
DA:176,2
DA:178,3
DA:179,2
DA:182,2
DA:184,2
DA:185,2
DA:186,4
DA:188,5
LF:88
LH:83
end_of_record
SF:lib\widgets\search_box.dart
DA:3,0
DA:4,0
DA:6,0
DA:8,0
DA:9,0
DA:10,0
DA:12,0
DA:15,0
DA:17,0
DA:18,0
DA:19,0
DA:20,0
DA:25,0
DA:26,0
DA:27,0
LF:15
LH:0
end_of_record
