SF:lib\main.dart
DA:10,0
DA:11,0
DA:15,2
DA:17,0
DA:19,0
DA:22,0
DA:23,0
DA:27,0
DA:29,0
DA:30,0
DA:31,0
DA:35,0
DA:45,2
DA:47,0
DA:48,0
DA:51,0
DA:52,0
DA:55,0
DA:57,0
DA:59,0
DA:61,0
DA:62,0
DA:63,0
DA:64,0
DA:69,0
DA:71,0
DA:73,0
DA:74,0
DA:84,0
DA:87,0
DA:88,0
DA:93,0
DA:94,0
DA:95,0
DA:96,0
DA:97,0
DA:98,0
DA:99,0
DA:100,0
DA:123,1
DA:132,1
DA:134,1
DA:135,1
DA:136,0
DA:138,1
DA:140,1
DA:141,1
DA:142,1
DA:143,1
DA:144,1
DA:145,1
DA:147,1
DA:148,1
DA:149,1
DA:150,1
DA:153,1
DA:154,1
DA:155,1
DA:166,1
DA:167,1
DA:173,1
DA:174,1
LF:62
LH:24
end_of_record
SF:lib\widgets\footer.dart
DA:4,2
DA:6,5
DA:8,5
DA:10,5
DA:12,5
DA:14,5
DA:25,5
DA:28,5
DA:29,5
DA:30,0
DA:31,0
DA:38,5
DA:39,0
DA:40,0
LF:14
LH:10
end_of_record
SF:lib\widgets\header.dart
DA:9,2
DA:11,5
DA:14,0
DA:15,0
DA:17,0
DA:24,0
DA:25,0
DA:26,0
DA:34,20
DA:36,5
DA:39,5
DA:40,5
DA:42,5
DA:53,5
DA:54,5
DA:56,5
DA:57,5
DA:58,5
DA:59,0
DA:60,0
DA:62,0
DA:65,5
DA:69,5
DA:70,5
DA:71,5
DA:84,5
DA:85,5
DA:86,0
DA:87,0
DA:89,0
DA:95,5
DA:97,5
DA:98,0
DA:99,0
DA:101,0
DA:107,5
DA:108,5
DA:110,5
DA:112,5
DA:113,5
DA:126,5
DA:137,0
DA:138,0
DA:143,5
DA:151,0
DA:152,0
DA:157,1
DA:170,5
DA:171,5
DA:179,0
DA:181,0
DA:182,0
DA:184,0
DA:187,0
DA:188,0
DA:190,0
DA:193,0
DA:194,0
DA:196,0
DA:201,0
LF:60
LH:30
end_of_record
SF:lib\widgets\hero_carousel.dart
DA:7,2
DA:12,2
DA:13,1
DA:14,1
DA:27,1
DA:29,1
DA:31,2
DA:32,0
DA:36,0
DA:37,0
DA:38,0
DA:39,0
DA:42,1
DA:44,2
DA:45,1
DA:48,1
DA:50,1
DA:52,1
DA:53,1
DA:54,1
DA:55,1
DA:56,0
DA:57,2
DA:58,2
DA:59,1
DA:60,1
DA:61,1
DA:62,6
DA:63,2
DA:66,1
DA:68,1
DA:69,1
DA:70,4
DA:72,4
DA:74,1
DA:75,0
DA:76,1
DA:77,4
DA:85,1
DA:87,1
DA:89,5
DA:92,2
DA:93,5
DA:97,2
DA:98,2
LF:45
LH:38
end_of_record
SF:lib\about_us.dart
DA:5,2
DA:7,1
DA:9,1
DA:10,1
DA:11,1
DA:13,1
DA:15,1
DA:22,1
DA:23,1
DA:26,3
LF:10
LH:10
end_of_record
SF:lib\widgets\appshell.dart
DA:8,4
DA:13,4
DA:15,4
DA:16,4
DA:17,4
DA:19,4
DA:20,4
DA:21,4
DA:22,4
DA:23,4
LF:10
LH:10
end_of_record
SF:lib\product_page.dart
DA:5,3
DA:6,1
DA:15,1
DA:24,1
DA:34,1
DA:43,1
DA:52,1
DA:61,1
DA:70,1
DA:79,1
DA:88,1
DA:97,1
DA:106,1
DA:117,0
DA:118,0
DA:121,1
DA:122,2
DA:123,4
DA:124,1
DA:127,0
DA:128,0
DA:131,0
DA:132,0
DA:133,0
DA:134,0
DA:135,0
DA:136,0
DA:142,2
DA:144,0
DA:145,0
DA:148,1
DA:150,3
DA:152,0
DA:154,0
DA:155,0
DA:156,0
DA:157,0
DA:159,1
DA:160,1
DA:163,1
DA:165,1
DA:166,1
DA:167,0
DA:173,1
DA:176,1
DA:177,1
DA:178,1
DA:180,1
DA:181,1
DA:182,1
DA:185,1
DA:186,1
DA:187,1
DA:206,1
DA:217,1
DA:237,1
DA:248,1
DA:250,1
DA:251,0
DA:252,1
LF:60
LH:41
end_of_record
SF:lib\screens\collections_screen.dart
DA:11,2
DA:20,2
DA:22,2
DA:24,2
DA:25,2
DA:27,2
DA:29,2
DA:30,2
DA:39,2
DA:42,8
DA:46,2
DA:55,2
DA:56,2
DA:95,4
DA:96,2
DA:97,1
DA:98,1
DA:100,1
DA:101,2
DA:102,1
DA:103,1
DA:108,2
DA:109,2
DA:110,2
DA:112,2
DA:113,2
DA:114,2
DA:115,2
DA:116,2
DA:117,4
DA:118,0
DA:119,0
DA:124,2
DA:125,2
DA:127,0
DA:128,0
DA:129,0
DA:138,2
DA:139,2
DA:140,2
DA:141,2
DA:143,2
DA:147,2
DA:148,2
DA:150,2
DA:151,2
DA:166,2
LF:47
LH:42
end_of_record
SF:lib\screens\collection_detail.dart
DA:9,3
DA:15,1
DA:16,1
DA:23,1
DA:24,3
DA:27,1
DA:29,1
DA:30,4
DA:31,4
DA:32,1
DA:34,4
DA:37,1
DA:38,1
DA:39,1
DA:41,1
DA:43,1
DA:44,1
DA:45,0
DA:49,1
DA:51,1
DA:52,1
DA:53,3
DA:59,1
DA:60,0
DA:61,0
DA:63,0
DA:64,0
DA:65,0
DA:67,0
DA:68,0
DA:69,0
DA:72,0
DA:74,0
DA:80,1
DA:81,1
DA:84,1
DA:85,1
DA:90,1
DA:96,4
DA:105,1
DA:106,1
DA:107,0
DA:108,0
DA:110,1
DA:112,1
DA:113,1
DA:114,1
DA:115,1
DA:120,1
DA:121,1
DA:124,2
LF:51
LH:38
end_of_record
SF:lib\widgets\dropdown_menu.dart
DA:8,2
DA:10,1
DA:11,1
DA:20,0
DA:21,0
DA:22,0
DA:24,0
DA:25,0
DA:26,0
DA:28,0
DA:29,0
DA:30,0
DA:31,0
DA:32,0
DA:34,0
DA:35,0
DA:37,0
DA:38,0
DA:39,0
DA:40,0
DA:41,0
DA:42,0
DA:43,0
DA:46,0
DA:49,0
DA:59,0
DA:60,0
DA:63,0
DA:64,0
DA:66,0
DA:67,0
DA:69,0
DA:70,0
DA:71,0
DA:72,0
DA:73,0
DA:78,0
DA:80,0
DA:81,0
DA:82,0
DA:86,0
DA:88,0
DA:89,0
DA:90,0
DA:91,0
DA:92,0
DA:100,0
DA:101,0
DA:103,0
DA:104,0
DA:105,0
DA:106,0
DA:108,0
DA:109,0
DA:110,0
DA:118,0
DA:120,0
DA:121,0
DA:122,0
DA:123,0
DA:124,0
DA:129,0
DA:131,0
DA:132,0
DA:133,0
DA:134,0
DA:135,0
DA:140,0
DA:142,0
DA:143,0
DA:144,0
DA:145,0
DA:146,0
DA:157,0
DA:158,0
DA:159,0
DA:160,0
DA:167,1
DA:169,1
DA:170,1
DA:173,1
DA:175,1
DA:176,1
DA:177,2
DA:179,2
LF:85
LH:11
end_of_record
